<?xml version="1.0" encoding="UTF-8"?>
<!-- Generated by org.testng.reporters.JUnitReportReporter -->
<testsuite hostname="COOLLAPTOP" failures="0" tests="1" name="GithubTests.Github_Tests" time="4.185" errors="0" timestamp="2024-12-03T14:54:34 EST" skipped="0">
  <testcase classname="GithubTests.Github_Tests" name="TestCase1" time="4.185"/>
  <system-out/>
</testsuite> <!-- GithubTests.Github_Tests -->
