<?xml version="1.0" encoding="UTF-8"?>
<!-- Generated by org.testng.reporters.JUnitReportReporter -->
<testsuite hostname="COOLLAPTOP" failures="0" tests="1" name="GithubTests.Github_Tests" time="2.495" errors="0" timestamp="2024-11-24T18:41:03 EST" skipped="0">
  <testcase classname="GithubTests.Github_Tests" name="TestCase3" time="2.495"/>
  <system-out/>
</testsuite> <!-- GithubTests.Github_Tests -->
